<?xml version="1.0" encoding="UTF-8"?>
<testsuite name="guru.xel.tests.DragAndDropTest" tests="1" skipped="0" failures="0" errors="0" timestamp="2022-10-19T11:45:36" hostname="DESKTOP-0J1TP53" time="6.025">
  <properties/>
  <testcase name="dragAndDropTest()" classname="guru.xel.tests.DragAndDropTest" time="6.025"/>
  <system-out><![CDATA[]]></system-out>
  <system-err><![CDATA[[Test worker] INFO com.codeborne.selenide.impl.WebDriverThreadLocalContainer - No webdriver is bound to current thread: 1 - let's create a new webdriver
[Test worker] INFO com.codeborne.selenide.impl.FileHelper - Creating folder: C:\Users\xelse\IdeaProjects\qa_guru_15_12_selenide_hw\build\downloads\1666179936940_21600_1
[Test worker] INFO io.github.bonigarcia.wdm.WebDriverManager - Using chromedriver 106.0.5249.61 (resolved driver for Chrome 106)
[Test worker] INFO io.github.bonigarcia.wdm.WebDriverManager - Exporting webdriver.chrome.driver as C:\Users\xelse\.cache\selenium\chromedriver\win32\106.0.5249.61\chromedriver.exe
[Test worker] INFO com.codeborne.selenide.webdriver.SelenideNettyClientFactory - Changed readTimeout from PT3M to PT1M30S
окт. 19, 2022 2:45:37 PM org.openqa.selenium.remote.RemoteWebDriver checkNonW3CCapabilities
WARNING: Support for Legacy Capabilities is deprecated; You are sending the following invalid capabilities: [enableVNC, enableVideo]; Please update to W3C Syntax: https://www.selenium.dev/blog/2022/legacy-protocol-support/
Starting ChromeDriver 106.0.5249.61 (511755355844955cd3e264779baf0dd38212a4d0-refs/branch-heads/5249@{#569}) on port 61211
Only local connections are allowed.
Please see https://chromedriver.chromium.org/security-considerations for suggestions on keeping ChromeDriver safe.
ChromeDriver was started successfully.
окт. 19, 2022 2:45:39 PM org.openqa.selenium.remote.ProtocolHandshake createSession
INFO: Detected upstream dialect: W3C
окт. 19, 2022 2:45:39 PM org.openqa.selenium.remote.ProtocolHandshake createSession
WARNING: Support for Legacy Capabilities is deprecated; You are sending the following invalid capabilities: [enableVNC, enableVideo]; Please update to W3C Syntax: https://www.selenium.dev/blog/2022/legacy-protocol-support/
[Test worker] INFO com.codeborne.selenide.webdriver.SelenideNettyClientFactory - Changed readTimeout from PT3M to PT1M30S
[Test worker] INFO com.codeborne.selenide.webdriver.SelenideNettyClientFactory - Changed readTimeout from PT3M to PT1M30S
окт. 19, 2022 2:45:39 PM org.openqa.selenium.devtools.CdpVersionFinder findNearestMatch
WARNING: Unable to find an exact match for CDP version 106, so returning the closest version found: 104
окт. 19, 2022 2:45:39 PM org.openqa.selenium.devtools.CdpVersionFinder findNearestMatch
INFO: Found CDP implementation for version 106 of 104
[Test worker] INFO com.codeborne.selenide.webdriver.BrowserResizer - Set browser size to 1920x1080
[Test worker] INFO com.codeborne.selenide.webdriver.WebDriverFactory - BrowserName=chrome Version=106.0.5249.119 Platform=WINDOWS
[Test worker] INFO com.codeborne.selenide.webdriver.WebDriverFactory - Selenide v. 6.8.1
[Test worker] INFO com.codeborne.selenide.webdriver.WebDriverFactory - Selenium WebDriver v. 4.4.0 build revision: e5c75ed026a
[Test worker] INFO com.codeborne.selenide.drivercommands.CreateDriverCommand - Created webdriver in thread 1: ChromeDriver -> ChromeDriver: chrome on WINDOWS (4a6e36e9294ac39a8c6db3e11a37d32a)
[Test worker] INFO com.codeborne.selenide.drivercommands.DisposablesRegistry - Register WebDriverInstance[config=StaticConfig,webDriver=ChromeDriver: chrome on WINDOWS (4a6e36e9294ac39a8c6db3e11a37d32a),proxy=null,downloadsFolder=C:\Users\xelse\IdeaProjects\qa_guru_15_12_selenide_hw\build\downloads\1666179936940_21600_1] in 1 [size=1]
[Test worker] INFO com.codeborne.selenide.drivercommands.DisposablesRegistry - Add shutdown hook in 1 [size=1]
]]></system-err>
</testsuite>
